
.============================================================================================================================.
|                                       __  __ _____ ____    _                      _                                        |
|                                      |  \/  | ___|/ ___|  / \   ___ _ __ ___   __| |                                       |
|                                      | |\/| | \  / |  _  / _ \ / __| '_ ` _ \ / _` |                                       |
|                                      | |  | | /__\ |_| |/ ___ \ (__| | | | | | (_| |                                       |
|                                      |_|  |_|____|\____/_/   \_\___|_| |_| |_|\__,_|                                       |
|                                                                                                                            |
|                                                           SERVER                                                           |
`============================================================================================================================´
[API:err: 06:02:27] Failed AES-GCM decryption: HashVerificationFilter: message hash or MAC not valid
[API:err: 06:02:27] Cannot extract TLV records for ATTR_DEVICE_NAMES
[API:err: 06:02:27] Failed AES-GCM decryption: HashVerificationFilter: message hash or MAC not valid
[API:err: 06:02:27] syncConfigIOContext: JSON config data is malformed
[API:err: 06:02:27] Failed AES-GCM decryption: HashVerificationFilter: message hash or MAC not valid
[API:err: 06:02:27] syncConfigIOContext: JSON config data is malformed
[API:err: 06:02:27] Couldn't load internal sync configs from disk: -3
[API:err: 06:02:27] Failed AES-GCM decryption: HashVerificationFilter: message hash or MAC not valid
[API:err: 06:02:27] Cannot extract TLV records for private attribute *!authring
[API:err: 06:02:27] Invalid object
[API:err: 06:02:27] JSON for that command was not recognised/consumed properly, adjusting
[API:err: 06:02:27] Failed AES-GCM decryption: HashVerificationFilter: message hash or MAC not valid
[API:err: 06:02:27] Cannot extract TLV records for private attribute *!authRSA
[API:err: 06:02:27] Invalid object
[API:err: 06:02:27] JSON for that command was not recognised/consumed properly, adjusting
[API:err: 06:02:27] Failed AES-GCM decryption: HashVerificationFilter: message hash or MAC not valid
[API:err: 06:02:27] Cannot extract TLV records for private attribute *!authCu255
[API:err: 06:02:27] Invalid object
[API:err: 06:02:27] JSON for that command was not recognised/consumed properly, adjusting
[API:err: 06:02:27] Invalid value for node attr fav: 0
[API:err: 06:02:27] Invalid value for node attr fav: 0
[API:err: 06:02:27] Invalid value for node attr fav: 0
[API:err: 06:02:27] Invalid value for node attr fav: 0
[API:err: 06:02:27] Invalid value for node attr fav: 0
